<?xml version="1.0" encoding="UTF-8"?>
<!-- Generated by org.testng.reporters.JUnitReportReporter -->
<testsuite hostname="DESKTOP-15UKRQ5" name="jenkinsProject.JenkinsTest" tests="1" failures="0" timestamp="10 Oct 2019 10:20:50 GMT" time="12.305" errors="0">
  <testcase name="Setup" time="12.305" classname="jenkinsProject.JenkinsTest"/>
</testsuite> <!-- jenkinsProject.JenkinsTest -->
