<?xml version="1.0" encoding="UTF-8"?>
<!-- Generated by org.testng.reporters.JUnitReportReporter -->
<testsuite hostname="DESKTOP-15UKRQ5" name="jenkinsProject.JenkinsTest" tests="2" failures="0" timestamp="10 Oct 2019 07:02:40 GMT" time="7.216" errors="0">
  <testcase name="Setup" time="7.172" classname="jenkinsProject.JenkinsTest"/>
  <testcase name="GoogleLogoTest" time="0.044" classname="jenkinsProject.JenkinsTest"/>
</testsuite> <!-- jenkinsProject.JenkinsTest -->
